<?xml version="1.0" encoding="UTF-8"?>
<!-- Generated by org.testng.reporters.JUnitReportReporter -->
<testsuite hostname="DELL" failures="0" tests="1" name="Testcases.HomeTest" time="53.889" errors="0" timestamp="2022-06-01T02:27:42 ICT" skipped="0">
  <testcase classname="Testcases.HomeTest" name="home" time="53.889"/>
  <system-out/>
</testsuite> <!-- Testcases.HomeTest -->
