<?xml version="1.0" encoding="UTF-8"?>
<!-- Generated by org.testng.reporters.JUnitReportReporter -->
<testsuite hostname="DELL" failures="0" tests="1" name="Testcases.SignInTest" time="0.029" errors="0" timestamp="2022-05-30T12:26:38 ICT" skipped="0">
  <testcase classname="Testcases.SignInTest" name="signIn" time="0.029"/>
  <system-out/>
</testsuite> <!-- Testcases.SignInTest -->
