<?xml version="1.0" encoding="UTF-8"?>
<!-- Generated by org.testng.reporters.JUnitReportReporter -->
<testsuite hostname="DELL" failures="0" tests="1" name="Testcases.HomeTest" time="148.474" errors="0" timestamp="2022-05-31T23:13:04 ICT" skipped="0">
  <testcase classname="Testcases.HomeTest" name="home" time="148.474"/>
  <system-out/>
</testsuite> <!-- Testcases.HomeTest -->
